<?xml version="1.0" encoding="UTF-8"?>
<!-- Generated by org.testng.reporters.JUnitReportReporter -->
<testsuite hostname="Ruslans-MBP-2.hsd1.il.comcast.net" failures="0" tests="4" name="api.test.UserTest" time="4.307" errors="0" timestamp="2023-12-29T16:25:17 CST" skipped="0">
  <testcase classname="api.test.UserTest" name="postUser" time="3.267"/>
  <testcase classname="api.test.UserTest" name="getUserByName" time="0.355"/>
  <testcase classname="api.test.UserTest" name="updateUser" time="0.380"/>
  <testcase classname="api.test.UserTest" name="deleteUserByUserName" time="0.305"/>
</testsuite> <!-- api.test.UserTest -->
